<?xml version="1.0" encoding="UTF-8"?>
<!-- Generated by org.testng.reporters.JUnitReportReporter -->
<testsuite hostname="lavanyA" name="TestNg.sampletest" tests="1" failures="0" timestamp="10 Feb 2020 13:00:23 GMT" time="0.021" errors="0">
  <testcase name="sam" time="0.021" classname="TestNg.sampletest"/>
</testsuite> <!-- TestNg.sampletest -->
