<?xml version="1.0" encoding="UTF-8"?>
<!-- Generated by org.testng.reporters.JUnitReportReporter -->
<testsuite hostname="lavanyA" name="TestNg.groupsexample" tests="4" failures="0" timestamp="10 Feb 2020 13:00:23 GMT" time="0.012" errors="0">
  <testcase name="red" time="0.002" classname="TestNg.groupsexample"/>
  <testcase name="sam" time="0.001" classname="TestNg.groupsexample"/>
  <testcase name="green" time="0.003" classname="TestNg.groupsexample"/>
  <testcase name="add" time="0.006" classname="TestNg.groupsexample"/>
</testsuite> <!-- TestNg.groupsexample -->
