<?xml version="1.0" encoding="UTF-8"?>
<!-- Generated by org.testng.reporters.JUnitReportReporter -->
<testsuite hostname="lavanyA" name="TestNg.sampletest2" tests="2" failures="0" timestamp="10 Feb 2020 13:00:23 GMT" time="0.007" errors="0">
  <testcase name="div" time="0.002" classname="TestNg.sampletest2"/>
  <testcase name="mul" time="0.005" classname="TestNg.sampletest2"/>
</testsuite> <!-- TestNg.sampletest2 -->
